EggTimer/android/app/build/outputs/mapping/release/seeds.txt
com.pegasusgames.eggtimer.MainActivity
com.pegasusgames.eggtimer.MainActivity$NativeBridge: void hideBannerAd()
com.pegasusgames.eggtimer.MainActivity$NativeBridge: void showRewarded(java.lang.String)
com.pegasusgames.eggtimer.MainActivity$NativeBridge: void showBannerAd()
com.pegasusgames.eggtimer.MainActivity: MainActivity()
com.pegasusgames.eggtimer.MainActivity$NativeBridge: void showInterstitial()
com.pegasusgames.eggtimer.MainActivity$NativeBridge: void log(java.lang.String)
com.pegasusgames.eggtimer.MainActivity$NativeBridge: void purchase(java.lang.String)
...
com.google.firebase.installations.AwaitListener
com.google.android.gms.ads.rewardedinterstitial.RewardedInterstitialAdLoadCallback
com.applovin.shadow.okio.internal.ZipFilesKt
androidx.appcompat.widget.Toolbar
com.applovin.impl.mediation.ads.a$a
com.google.android.gms.ads.formats.UnifiedNativeAd
com.iab.omid.library.applovin.utils.c$b
com.google.android.ump.ConsentInformation$OnConsentInfoUpdateSuccessListener
com.google.android.gms.ads.internal.client.zzw
com.google.android.gms.ads.mediation.MediationInterscrollerAd
com.google.android.gms.ads.internal.client.zzfp
com.google.android.gms.ads.internal.client.zzi
com.applovin.impl.u
com.google.android.gms.ads.internal.client.zzbv
com.applovin.shadow.okhttp3.internal.ws.WebSocketExtensions
com.applovin.impl.t1
com.google.android.gms.ads.appopen.zzc
com.applovin.shadow.okhttp3.internal.http2.Http2Connection$Listener$Companion$REFUSE_INCOMING_STREAMS$1
com.applovin.impl.u0
com.applovin.shadow.okhttp3.internal.http2.StreamResetException
com.applovin.shadow.okio.ZipFileSystem
com.google.firebase.concurrent.SequentialExecutor
com.google.firebase.components.ComponentDiscovery$RegistrarNameRetriever
com.android.billingclient.R
com.applovin.shadow.okhttp3.Handshake$Companion$get$1
com.google.firebase.concurrent.PausableExecutorService
com.google.android.gms.tasks.zzad
com.google.android.gms.ads.internal.util.zzal
com.applovin.shadow.okhttp3.internal.ws.RealWebSocket$Companion
com.applovin.impl.d5$c
com.google.android.gms.ads.R$xml
com.iab.omid.library.applovin.adsession.Partner
com.android.billingclient.api.EnableBillingProgramParams
com.google.android.material.appbar.AppBarLayout$BaseBehavior
com.applovin.impl.a1$c
com.google.android.gms.ads.nonagon.signalgeneration.zzbl
com.applovin.impl.c5
com.applovin.shadow.okhttp3.internal.cache.DiskLruCache$Companion
com.google.firebase.encoders.ObjectEncoder
com.applovin.impl.sdk.SessionTracker$a
com.google.android.gms.ads.preload.PreloadConfiguration$Builder
com.android.billingclient.api.zzi
com.applovin.impl.f2$b
com.google.android.gms.ads.internal.util.client.zzg
com.applovin.impl.b1
com.applovin.impl.sdk.AppLovinSdkInitializationConfigurationImpl$BuilderImpl
com.iab.omid.library.applovin.utils.h
com.android.billingclient.api.zzg
com.applovin.impl.sdk.m$b
com.google.android.gms.ads.nonagon.signalgeneration.zzbf
com.google.android.gms.ads.internal.util.client.zzb
com.applovin.impl.adview.b$a
com.google.android.gms.ads.query.zzb
com.applovin.impl.d4$d$a
com.applovin.shadow.okio.FileHandle$FileHandleSource
com.applovin.shadow.okhttp3.internal.http2.Http2Connection$pushRequestLater$$inlined$execute$default$1
com.applovin.impl.i6
com.google.firebase.analytics.connector.AnalyticsConnector$ConditionalUserProperty
com.applovin.shadow.okhttp3.WebSocket
com.google.android.gms.common.internal.ReflectedParcelable
com.google.android.gms.tasks.DuplicateTaskCompletionException
com.applovin.impl.z0
com.iab.omid.library.applovin.adsession.FriendlyObstructionPurpose
com.applovin.shadow.okio.CipherSink
com.applovin.impl.r8
com.applovin.mediation.adapters.MediationAdapterBase$1
com.applovin.impl.adview.j
com.google.android.gms.ads.ContextualSignals
com.applovin.impl.n5$b
com.google.android.gms.ads.internal.util.client.VersionInfoParcel
com.applovin.sdk.AppLovinEventParameters
com.applovin.impl.i1
com.applovin.impl.h7$a
com.applovin.shadow.okhttp3.Dns$Companion
com.applovin.sdk.R$raw
com.applovin.shadow.okhttp3.internal.platform.android.ConscryptSocketAdapter$Companion
com.applovin.impl.a1$e
com.google.android.gms.ads.internal.overlay.zzah
com.iab.omid.library.applovin.internal.h$a
com.google.firebase.FirebaseExceptionMapper
com.applovin.impl.k6
org.chromium.support_lib_boundary.WebMessageBoundaryInterface
com.applovin.impl.s6
com.applovin.impl.b8
com.google.android.gms.ads.internal.util.client.zzs
com.applovin.sdk.AppLovinErrorCodes
com.applovin.impl.g1$a
com.applovin.shadow.okhttp3.internal.cache2.FileOperator