EggTimer/android/app/build/outputs/mapping/release/usage.txt
com.pegasusgames.eggtimer.MainActivity:
    private static final java.lang.String BANNER_AD_UNIT_ID
    private static final java.lang.String INTERSTITIAL_AD_UNIT_ID
    private static final java.lang.String PRODUCT_REMOVE_ADS
    private static final java.lang.String REWARDED_AD_UNIT_ID
    private static final int WEBVIEW_BG_COLOR
com.pegasusgames.eggtimer.R$id
com.pegasusgames.eggtimer.R$mipmap
com.pegasusgames.eggtimer.R$string
com.pegasusgames.eggtimer.R$style
com.pegasusgames.eggtimer.R$xml
com.pegasusgames.eggtimer.R
com.pegasusgames.eggtimer.MainActivity:
    public com.google.firebase.analytics.FirebaseAnalytics firebaseAnalytics
...
androidx.work.impl.model.WorkTypeConverters$NetworkTypeIds
androidx.work.impl.model.WorkTypeConverters$OutOfPolicyIds
androidx.work.impl.model.WorkTypeConverters$StateIds
androidx.work.impl.model.WorkTypeConverters:
    private void <init>()
androidx.work.impl.model.package-info
androidx.work.impl.utils.CancelWorkRunnable$4
androidx.work.impl.utils.CancelWorkRunnable:
    public static androidx.work.impl.utils.CancelWorkRunnable forAll(androidx.work.impl.WorkManagerImpl)
androidx.work.impl.utils.ForceStopRunnable:
    static final java.lang.String ACTION_FORCE_STOP_RESCHEDULE
    private static final int ALARM_ID
    private static final long BACKOFF_DURATION_MS
    static final int MAX_ATTEMPTS
androidx.work.impl.utils.IdGenerator:
    public static final int INITIAL_ID
    public static final java.lang.String NEXT_ALARM_MANAGER_ID_KEY
    public static final java.lang.String NEXT_JOB_SCHEDULER_ID_KEY
    public static final java.lang.String PREFERENCE_FILE_KEY
androidx.work.impl.utils.LiveDataUtils$1$1
androidx.work.impl.utils.LiveDataUtils$1
androidx.work.impl.utils.LiveDataUtils
androidx.work.impl.utils.PackageManagerHelper:
    private void <init>()
    public static boolean isComponentExplicitlyEnabled(android.content.Context,java.lang.Class)
    public static boolean isComponentExplicitlyEnabled(android.content.Context,java.lang.String)
androidx.work.impl.utils.PreferenceUtils$1
androidx.work.impl.utils.PreferenceUtils:
    public static final java.lang.String KEY_LAST_CANCEL_ALL_TIME_MS
    public static final java.lang.String KEY_RESCHEDULE_NEEDED
    public static final java.lang.String PREFERENCES_FILE_NAME
    public long getLastCancelAllTimeMillis()
    public androidx.lifecycle.LiveData getLastCancelAllTimeMillisLiveData()
    public void setLastCancelAllTimeMillis(long)
androidx.work.impl.utils.ProcessUtils:
    private void <init>()
androidx.work.impl.utils.PruneWorkRunnable
androidx.work.impl.utils.RawQueries
androidx.work.impl.utils.SerialExecutor:
    public java.util.concurrent.Executor getDelegatedExecutor()
androidx.work.impl.utils.StatusRunnable$1
androidx.work.impl.utils.StatusRunnable$2
androidx.work.impl.utils.StatusRunnable$3
androidx.work.impl.utils.StatusRunnable$4
androidx.work.impl.utils.StatusRunnable$5
androidx.work.impl.utils.StatusRunnable
androidx.work.impl.utils.SynchronousExecutor
androidx.work.impl.utils.WakeLocks:
    private void <init>()
androidx.work.impl.utils.WorkTimer$WorkTimerRunnable:
    static final java.lang.String TAG
androidx.work.impl.utils.WorkTimer:
    public java.util.concurrent.ScheduledExecutorService getExecutorService()
    public synchronized java.util.Map getListeners()
    public synchronized java.util.Map getTimerMap()
androidx.work.impl.utils.futures.AbstractFuture:
    private static final long SPIN_THRESHOLD_NANOS
    final void maybePropagateCancellationTo(java.util.concurrent.Future)
    protected final boolean wasInterrupted()
androidx.work.impl.utils.futures.package-info
androidx.work.impl.utils.package-info
androidx.work.impl.utils.taskexecutor.TaskExecutor:
    public abstract void postToMainThread(java.lang.Runnable)
androidx.work.impl.utils.taskexecutor.package-info
androidx.work.impl.workers.ConstraintTrackingWorker:
    public static final java.lang.String ARGUMENT_CLASS_NAME
    public androidx.work.ListenableWorker getDelegate()
androidx.work.multiprocess.IListenableWorkerImpl$Default
androidx.work.multiprocess.IListenableWorkerImpl$Stub$Proxy
androidx.work.multiprocess.IListenableWorkerImpl$Stub
androidx.work.multiprocess.IListenableWorkerImpl
androidx.work.multiprocess.IWorkManagerImpl$Default
androidx.work.multiprocess.IWorkManagerImpl$Stub$Proxy
androidx.work.multiprocess.IWorkManagerImpl$Stub
androidx.work.multiprocess.IWorkManagerImpl
androidx.work.multiprocess.IWorkManagerImplCallback$Default
androidx.work.multiprocess.IWorkManagerImplCallback$Stub$Proxy
androidx.work.multiprocess.IWorkManagerImplCallback$Stub